<?xml version="1.0" encoding="utf-8"?>
<TestRun id="1415df79-a23b-4b44-bc39-b554cc851419" name="DELL@DESKTOP-IHJ9UTB 2021-06-25 21:08:58" runUser="DESKTOP-IHJ9UTB\DELL" xmlns="http://microsoft.com/schemas/VisualStudio/TeamTest/2010">
  <Times creation="2021-06-25T21:08:58.1228667+01:00" queuing="2021-06-25T21:08:58.1228667+01:00" start="2021-06-25T21:08:33.0383263+01:00" finish="2021-06-25T21:34:44.8733162+01:00" />
  <TestSettings name="default" id="cb649ba8-767c-4fd7-acad-3396b08818be">
    <Deployment runDeploymentRoot="DELL_DESKTOP-IHJ9UTB_2021-06-25_21_08_58" />
  </TestSettings>
  <Results>
    <UnitTestResult executionId="26876f84-1f8d-4d17-9d3e-16495d19dedd" testId="dfbda713-d804-cd3f-c77b-48b699f09364" testName="contactForm" computerName="DESKTOP-IHJ9UTB" duration="00:00:24.6547274" startTime="2021-06-25T21:10:48.8354663+01:00" endTime="2021-06-25T21:11:13.4906353+01:00" testType="13cdc9d9-ddb5-4fa4-a97d-d965ccfc6d4b" outcome="Passed" testListId="8c84fa94-04c1-424b-9868-57a2d4851a1d" relativeResultsDirectory="26876f84-1f8d-4d17-9d3e-16495d19dedd" resultType="DataDrivenTest">
      <InnerResults>
        <UnitTestResult executionId="feaef11b-1760-466b-82aa-3392324227f7" parentExecutionId="26876f84-1f8d-4d17-9d3e-16495d19dedd" testId="dfbda713-d804-cd3f-c77b-48b699f09364" testName="contactForm (Data Row 0)" computerName="DESKTOP-IHJ9UTB" duration="00:00:24.6509174" startTime="2021-06-25T21:10:48.8354663+01:00" endTime="2021-06-25T21:11:13.4906353+01:00" testType="13cdc9d9-ddb5-4fa4-a97d-d965ccfc6d4b" outcome="Passed" testListId="8c84fa94-04c1-424b-9868-57a2d4851a1d" relativeResultsDirectory="feaef11b-1760-466b-82aa-3392324227f7" dataRowInfo="1" resultType="DataDrivenDataRow" />
      </InnerResults>
    </UnitTestResult>
    <UnitTestResult executionId="b872988d-c27f-4196-9086-c04cc1eca595" testId="bf5151a9-49f4-5deb-e329-9f9c513a5a32" testName="Picslider_Forw_Button" computerName="DESKTOP-IHJ9UTB" duration="00:00:18.2548569" startTime="2021-06-25T21:12:59.0105380+01:00" endTime="2021-06-25T21:13:17.2659876+01:00" testType="13cdc9d9-ddb5-4fa4-a97d-d965ccfc6d4b" outcome="Passed" testListId="8c84fa94-04c1-424b-9868-57a2d4851a1d" relativeResultsDirectory="b872988d-c27f-4196-9086-c04cc1eca595" resultType="DataDrivenTest">
      <InnerResults>
        <UnitTestResult executionId="1562a114-7a7f-4b7d-997e-1abeac9d2dcf" parentExecutionId="b872988d-c27f-4196-9086-c04cc1eca595" testId="bf5151a9-49f4-5deb-e329-9f9c513a5a32" testName="Picslider_Forw_Button (Data Row 0)" computerName="DESKTOP-IHJ9UTB" duration="00:00:18.2530735" startTime="2021-06-25T21:12:59.0105380+01:00" endTime="2021-06-25T21:13:17.2659876+01:00" testType="13cdc9d9-ddb5-4fa4-a97d-d965ccfc6d4b" outcome="Passed" testListId="8c84fa94-04c1-424b-9868-57a2d4851a1d" relativeResultsDirectory="1562a114-7a7f-4b7d-997e-1abeac9d2dcf" dataRowInfo="1" resultType="DataDrivenDataRow" />
      </InnerResults>
    </UnitTestResult>
    <UnitTestResult executionId="64930326-9751-4609-b18f-b79734425f12" testId="b57e8384-c24b-7b2f-2586-7bad617ead6c" testName="Loginneg" computerName="DESKTOP-IHJ9UTB" duration="00:00:29.4499704" startTime="2021-06-25T21:09:20.2223481+01:00" endTime="2021-06-25T21:09:49.6729222+01:00" testType="13cdc9d9-ddb5-4fa4-a97d-d965ccfc6d4b" outcome="Passed" testListId="8c84fa94-04c1-424b-9868-57a2d4851a1d" relativeResultsDirectory="64930326-9751-4609-b18f-b79734425f12" resultType="DataDrivenTest">
      <InnerResults>
        <UnitTestResult executionId="921226ba-a431-405c-b872-1255971c6fe9" parentExecutionId="64930326-9751-4609-b18f-b79734425f12" testId="b57e8384-c24b-7b2f-2586-7bad617ead6c" testName="Loginneg (Data Row 0)" computerName="DESKTOP-IHJ9UTB" duration="00:00:29.4481082" startTime="2021-06-25T21:09:20.2223481+01:00" endTime="2021-06-25T21:09:49.6729222+01:00" testType="13cdc9d9-ddb5-4fa4-a97d-d965ccfc6d4b" outcome="Passed" testListId="8c84fa94-04c1-424b-9868-57a2d4851a1d" relativeResultsDirectory="921226ba-a431-405c-b872-1255971c6fe9" dataRowInfo="1" resultType="DataDrivenDataRow" />
      </InnerResults>
    </UnitTestResult>
    <UnitTestResult executionId="2fe88528-f43f-431c-9b95-f6c01dd77b38" testId="7cbf12ac-85cd-c176-7f8c-a601c6eb2dbd" testName="signupFieldEmpty" computerName="DESKTOP-IHJ9UTB" duration="00:00:20.6335676" startTime="2021-06-25T21:13:17.2659876+01:00" endTime="2021-06-25T21:13:37.8996799+01:00" testType="13cdc9d9-ddb5-4fa4-a97d-d965ccfc6d4b" outcome="Passed" testListId="8c84fa94-04c1-424b-9868-57a2d4851a1d" relativeResultsDirectory="2fe88528-f43f-431c-9b95-f6c01dd77b38" resultType="DataDrivenTest">
      <InnerResults>
        <UnitTestResult executionId="232d8062-88e2-48de-8a5a-d7bf69e73071" parentExecutionId="2fe88528-f43f-431c-9b95-f6c01dd77b38" testId="7cbf12ac-85cd-c176-7f8c-a601c6eb2dbd" testName="signupFieldEmpty (Data Row 0)" computerName="DESKTOP-IHJ9UTB" duration="00:00:20.6316538" startTime="2021-06-25T21:13:17.2659876+01:00" endTime="2021-06-25T21:13:37.8996799+01:00" testType="13cdc9d9-ddb5-4fa4-a97d-d965ccfc6d4b" outcome="Passed" testListId="8c84fa94-04c1-424b-9868-57a2d4851a1d" relativeResultsDirectory="232d8062-88e2-48de-8a5a-d7bf69e73071" dataRowInfo="1" resultType="DataDrivenDataRow" />
      </InnerResults>
    </UnitTestResult>
    <UnitTestResult executionId="6ef2c160-b3b6-4d17-9871-962e8afea3ff" testId="33f947af-952d-c441-acad-d05f8460b497" testName="home_Return" computerName="DESKTOP-IHJ9UTB" duration="00:00:29.2378836" startTime="2021-06-25T21:12:11.3761952+01:00" endTime="2021-06-25T21:12:40.6145120+01:00" testType="13cdc9d9-ddb5-4fa4-a97d-d965ccfc6d4b" outcome="Passed" testListId="8c84fa94-04c1-424b-9868-57a2d4851a1d" relativeResultsDirectory="6ef2c160-b3b6-4d17-9871-962e8afea3ff" resultType="DataDrivenTest">
      <InnerResults>
        <UnitTestResult executionId="5294abb0-3636-4e2a-b075-939cde8f1a6b" parentExecutionId="6ef2c160-b3b6-4d17-9871-962e8afea3ff" testId="33f947af-952d-c441-acad-d05f8460b497" testName="home_Return (Data Row 0)" computerName="DESKTOP-IHJ9UTB" duration="00:00:29.2357657" startTime="2021-06-25T21:12:11.3761952+01:00" endTime="2021-06-25T21:12:40.6145120+01:00" testType="13cdc9d9-ddb5-4fa4-a97d-d965ccfc6d4b" outcome="Passed" testListId="8c84fa94-04c1-424b-9868-57a2d4851a1d" relativeResultsDirectory="5294abb0-3636-4e2a-b075-939cde8f1a6b" dataRowInfo="1" resultType="DataDrivenDataRow" />
      </InnerResults>
    </UnitTestResult>
    <UnitTestResult executionId="c0aa02b1-f3c7-4a44-b295-aee8318909d7" testId="5ee67346-68de-4507-c355-de7aa468f289" testName="aboutUsClose" computerName="DESKTOP-IHJ9UTB" duration="00:00:18.3985393" startTime="2021-06-25T21:11:52.9771925+01:00" endTime="2021-06-25T21:12:11.3761952+01:00" testType="13cdc9d9-ddb5-4fa4-a97d-d965ccfc6d4b" outcome="Passed" testListId="8c84fa94-04c1-424b-9868-57a2d4851a1d" relativeResultsDirectory="c0aa02b1-f3c7-4a44-b295-aee8318909d7" resultType="DataDrivenTest">
      <InnerResults>
        <UnitTestResult executionId="76f9328c-974b-4e94-9897-26be47c781c7" parentExecutionId="c0aa02b1-f3c7-4a44-b295-aee8318909d7" testId="5ee67346-68de-4507-c355-de7aa468f289" testName="aboutUsClose (Data Row 0)" computerName="DESKTOP-IHJ9UTB" duration="00:00:18.3963534" startTime="2021-06-25T21:11:52.9771925+01:00" endTime="2021-06-25T21:12:11.3761952+01:00" testType="13cdc9d9-ddb5-4fa4-a97d-d965ccfc6d4b" outcome="Passed" testListId="8c84fa94-04c1-424b-9868-57a2d4851a1d" relativeResultsDirectory="76f9328c-974b-4e94-9897-26be47c781c7" dataRowInfo="1" resultType="DataDrivenDataRow" />
      </InnerResults>
    </UnitTestResult>
    <UnitTestResult executionId="d9270afe-ae76-41be-85ee-a0de6c7a8765" testId="dd9dedf8-2a53-5fa5-a43c-5f98605181e2" testName="aboutUs" computerName="DESKTOP-IHJ9UTB" duration="00:00:18.1648528" startTime="2021-06-25T21:11:34.8121142+01:00" endTime="2021-06-25T21:11:52.9771925+01:00" testType="13cdc9d9-ddb5-4fa4-a97d-d965ccfc6d4b" outcome="Passed" testListId="8c84fa94-04c1-424b-9868-57a2d4851a1d" relativeResultsDirectory="d9270afe-ae76-41be-85ee-a0de6c7a8765" resultType="DataDrivenTest">
      <InnerResults>
        <UnitTestResult executionId="7fd85ae3-6ce2-4d0f-b4c8-9e4252afe0ee" parentExecutionId="d9270afe-ae76-41be-85ee-a0de6c7a8765" testId="dd9dedf8-2a53-5fa5-a43c-5f98605181e2" testName="aboutUs (Data Row 0)" computerName="DESKTOP-IHJ9UTB" duration="00:00:18.1629936" startTime="2021-06-25T21:11:34.8121142+01:00" endTime="2021-06-25T21:11:52.9771925+01:00" testType="13cdc9d9-ddb5-4fa4-a97d-d965ccfc6d4b" outcome="Passed" testListId="8c84fa94-04c1-424b-9868-57a2d4851a1d" relativeResultsDirectory="7fd85ae3-6ce2-4d0f-b4c8-9e4252afe0ee" dataRowInfo="1" resultType="DataDrivenDataRow" />
      </InnerResults>
    </UnitTestResult>
    <UnitTestResult executionId="f251f29f-93e9-48e7-b3a6-eec652720759" testId="6076af9e-fdbd-d5e6-e002-0fdd3922eba8" testName="signupClose" computerName="DESKTOP-IHJ9UTB" duration="00:00:18.4784983" startTime="2021-06-25T21:10:30.3566559+01:00" endTime="2021-06-25T21:10:48.8354663+01:00" testType="13cdc9d9-ddb5-4fa4-a97d-d965ccfc6d4b" outcome="Passed" testListId="8c84fa94-04c1-424b-9868-57a2d4851a1d" relativeResultsDirectory="f251f29f-93e9-48e7-b3a6-eec652720759" resultType="DataDrivenTest">
      <InnerResults>
        <UnitTestResult executionId="22b57cfd-6dd1-4240-a1bc-42c6edde95aa" parentExecutionId="f251f29f-93e9-48e7-b3a6-eec652720759" testId="6076af9e-fdbd-d5e6-e002-0fdd3922eba8" testName="signupClose (Data Row 0)" computerName="DESKTOP-IHJ9UTB" duration="00:00:18.4762781" startTime="2021-06-25T21:10:30.3566559+01:00" endTime="2021-06-25T21:10:48.8354663+01:00" testType="13cdc9d9-ddb5-4fa4-a97d-d965ccfc6d4b" outcome="Passed" testListId="8c84fa94-04c1-424b-9868-57a2d4851a1d" relativeResultsDirectory="22b57cfd-6dd1-4240-a1bc-42c6edde95aa" dataRowInfo="1" resultType="DataDrivenDataRow" />
      </InnerResults>
    </UnitTestResult>
    <UnitTestResult executionId="143e61b7-fe15-474f-92f7-32667918f308" testId="89583f97-c112-caa9-fd1c-66d67ff7e0e2" testName="contactFormClose" computerName="DESKTOP-IHJ9UTB" duration="00:00:21.3209177" startTime="2021-06-25T21:11:13.4906353+01:00" endTime="2021-06-25T21:11:34.8121142+01:00" testType="13cdc9d9-ddb5-4fa4-a97d-d965ccfc6d4b" outcome="Passed" testListId="8c84fa94-04c1-424b-9868-57a2d4851a1d" relativeResultsDirectory="143e61b7-fe15-474f-92f7-32667918f308" resultType="DataDrivenTest">
      <InnerResults>
        <UnitTestResult executionId="d711d432-5079-40f6-88d9-a91f63069dc4" parentExecutionId="143e61b7-fe15-474f-92f7-32667918f308" testId="89583f97-c112-caa9-fd1c-66d67ff7e0e2" testName="contactFormClose (Data Row 0)" computerName="DESKTOP-IHJ9UTB" duration="00:00:21.3190456" startTime="2021-06-25T21:11:13.4906353+01:00" endTime="2021-06-25T21:11:34.8121142+01:00" testType="13cdc9d9-ddb5-4fa4-a97d-d965ccfc6d4b" outcome="Passed" testListId="8c84fa94-04c1-424b-9868-57a2d4851a1d" relativeResultsDirectory="d711d432-5079-40f6-88d9-a91f63069dc4" dataRowInfo="1" resultType="DataDrivenDataRow" />
      </InnerResults>
    </UnitTestResult>
    <UnitTestResult executionId="d245e75a-5bd8-4a0c-8605-06efa2e6b4f4" testId="73e0f828-40fc-3e94-b44f-93780285eda5" testName="loginClose" computerName="DESKTOP-IHJ9UTB" duration="00:00:22.1107024" startTime="2021-06-25T21:08:58.1118728+01:00" endTime="2021-06-25T21:09:20.2223481+01:00" testType="13cdc9d9-ddb5-4fa4-a97d-d965ccfc6d4b" outcome="Passed" testListId="8c84fa94-04c1-424b-9868-57a2d4851a1d" relativeResultsDirectory="d245e75a-5bd8-4a0c-8605-06efa2e6b4f4" resultType="DataDrivenTest">
      <InnerResults>
        <UnitTestResult executionId="b14743ce-f61d-40de-af72-1f28773e2845" parentExecutionId="d245e75a-5bd8-4a0c-8605-06efa2e6b4f4" testId="73e0f828-40fc-3e94-b44f-93780285eda5" testName="loginClose (Data Row 0)" computerName="DESKTOP-IHJ9UTB" duration="00:00:22.1039967" startTime="2021-06-25T21:08:58.1118728+01:00" endTime="2021-06-25T21:09:20.2223481+01:00" testType="13cdc9d9-ddb5-4fa4-a97d-d965ccfc6d4b" outcome="Passed" testListId="8c84fa94-04c1-424b-9868-57a2d4851a1d" relativeResultsDirectory="b14743ce-f61d-40de-af72-1f28773e2845" dataRowInfo="1" resultType="DataDrivenDataRow" />
      </InnerResults>
    </UnitTestResult>
    <UnitTestResult executionId="c98c610a-35ab-4e34-aacb-a3b3a2334a3a" testId="0629eefc-19f6-1651-e05f-fec2ddb98f4a" testName="PlaceOrderNeg" computerName="DESKTOP-IHJ9UTB" duration="00:05:48.1388143" startTime="2021-06-25T21:23:16.8450764+01:00" endTime="2021-06-25T21:29:04.9845567+01:00" testType="13cdc9d9-ddb5-4fa4-a97d-d965ccfc6d4b" outcome="Passed" testListId="8c84fa94-04c1-424b-9868-57a2d4851a1d" relativeResultsDirectory="c98c610a-35ab-4e34-aacb-a3b3a2334a3a" resultType="DataDrivenTest">
      <InnerResults>
        <UnitTestResult executionId="828b80b3-5536-4e8c-b674-94b477c0e9dc" parentExecutionId="c98c610a-35ab-4e34-aacb-a3b3a2334a3a" testId="0629eefc-19f6-1651-e05f-fec2ddb98f4a" testName="PlaceOrderNeg (Data Row 0)" computerName="DESKTOP-IHJ9UTB" duration="00:00:37.6175573" startTime="2021-06-25T21:23:16.8450764+01:00" endTime="2021-06-25T21:29:04.9845567+01:00" testType="13cdc9d9-ddb5-4fa4-a97d-d965ccfc6d4b" outcome="Passed" testListId="8c84fa94-04c1-424b-9868-57a2d4851a1d" relativeResultsDirectory="828b80b3-5536-4e8c-b674-94b477c0e9dc" dataRowInfo="1" resultType="DataDrivenDataRow" />
        <UnitTestResult executionId="352abea2-48c6-4a2a-970d-e6727b5e9003" parentExecutionId="c98c610a-35ab-4e34-aacb-a3b3a2334a3a" testId="0629eefc-19f6-1651-e05f-fec2ddb98f4a" testName="PlaceOrderNeg (Data Row 1)" computerName="DESKTOP-IHJ9UTB" duration="00:00:38.1244351" startTime="2021-06-25T21:23:16.8450764+01:00" endTime="2021-06-25T21:29:04.9845567+01:00" testType="13cdc9d9-ddb5-4fa4-a97d-d965ccfc6d4b" outcome="Passed" testListId="8c84fa94-04c1-424b-9868-57a2d4851a1d" relativeResultsDirectory="352abea2-48c6-4a2a-970d-e6727b5e9003" dataRowInfo="2" resultType="DataDrivenDataRow" />
        <UnitTestResult executionId="bc183ce9-041f-4b00-b806-0ab309e99c93" parentExecutionId="c98c610a-35ab-4e34-aacb-a3b3a2334a3a" testId="0629eefc-19f6-1651-e05f-fec2ddb98f4a" testName="PlaceOrderNeg (Data Row 2)" computerName="DESKTOP-IHJ9UTB" duration="00:00:38.6322891" startTime="2021-06-25T21:23:16.8450764+01:00" endTime="2021-06-25T21:29:04.9845567+01:00" testType="13cdc9d9-ddb5-4fa4-a97d-d965ccfc6d4b" outcome="Passed" testListId="8c84fa94-04c1-424b-9868-57a2d4851a1d" relativeResultsDirectory="bc183ce9-041f-4b00-b806-0ab309e99c93" dataRowInfo="3" resultType="DataDrivenDataRow" />
        <UnitTestResult executionId="a16ec2d8-9d74-4947-b971-b978b4482ec9" parentExecutionId="c98c610a-35ab-4e34-aacb-a3b3a2334a3a" testId="0629eefc-19f6-1651-e05f-fec2ddb98f4a" testName="PlaceOrderNeg (Data Row 3)" computerName="DESKTOP-IHJ9UTB" duration="00:00:38.3805134" startTime="2021-06-25T21:23:16.8450764+01:00" endTime="2021-06-25T21:29:04.9845567+01:00" testType="13cdc9d9-ddb5-4fa4-a97d-d965ccfc6d4b" outcome="Passed" testListId="8c84fa94-04c1-424b-9868-57a2d4851a1d" relativeResultsDirectory="a16ec2d8-9d74-4947-b971-b978b4482ec9" dataRowInfo="4" resultType="DataDrivenDataRow" />
        <UnitTestResult executionId="5ed04b42-7d4d-475c-a0d8-6a20bd04a75e" parentExecutionId="c98c610a-35ab-4e34-aacb-a3b3a2334a3a" testId="0629eefc-19f6-1651-e05f-fec2ddb98f4a" testName="PlaceOrderNeg (Data Row 4)" computerName="DESKTOP-IHJ9UTB" duration="00:00:38.7050067" startTime="2021-06-25T21:23:16.8450764+01:00" endTime="2021-06-25T21:29:04.9845567+01:00" testType="13cdc9d9-ddb5-4fa4-a97d-d965ccfc6d4b" outcome="Passed" testListId="8c84fa94-04c1-424b-9868-57a2d4851a1d" relativeResultsDirectory="5ed04b42-7d4d-475c-a0d8-6a20bd04a75e" dataRowInfo="5" resultType="DataDrivenDataRow" />
        <UnitTestResult executionId="73fd747b-f646-460b-9804-6053c815b40f" parentExecutionId="c98c610a-35ab-4e34-aacb-a3b3a2334a3a" testId="0629eefc-19f6-1651-e05f-fec2ddb98f4a" testName="PlaceOrderNeg (Data Row 5)" computerName="DESKTOP-IHJ9UTB" duration="00:00:41.5307766" startTime="2021-06-25T21:23:16.8450764+01:00" endTime="2021-06-25T21:29:04.9845567+01:00" testType="13cdc9d9-ddb5-4fa4-a97d-d965ccfc6d4b" outcome="Passed" testListId="8c84fa94-04c1-424b-9868-57a2d4851a1d" relativeResultsDirectory="73fd747b-f646-460b-9804-6053c815b40f" dataRowInfo="6" resultType="DataDrivenDataRow" />
        <UnitTestResult executionId="d8011437-5d96-4f34-b071-c596898c2249" parentExecutionId="c98c610a-35ab-4e34-aacb-a3b3a2334a3a" testId="0629eefc-19f6-1651-e05f-fec2ddb98f4a" testName="PlaceOrderNeg (Data Row 6)" computerName="DESKTOP-IHJ9UTB" duration="00:00:37.7015850" startTime="2021-06-25T21:23:16.8450764+01:00" endTime="2021-06-25T21:29:04.9845567+01:00" testType="13cdc9d9-ddb5-4fa4-a97d-d965ccfc6d4b" outcome="Passed" testListId="8c84fa94-04c1-424b-9868-57a2d4851a1d" relativeResultsDirectory="d8011437-5d96-4f34-b071-c596898c2249" dataRowInfo="7" resultType="DataDrivenDataRow" />
        <UnitTestResult executionId="c36a9cd4-4efd-4b6b-9121-9f0ae1c58f59" parentExecutionId="c98c610a-35ab-4e34-aacb-a3b3a2334a3a" testId="0629eefc-19f6-1651-e05f-fec2ddb98f4a" testName="PlaceOrderNeg (Data Row 7)" computerName="DESKTOP-IHJ9UTB" duration="00:00:39.5502554" startTime="2021-06-25T21:23:16.8450764+01:00" endTime="2021-06-25T21:29:04.9845567+01:00" testType="13cdc9d9-ddb5-4fa4-a97d-d965ccfc6d4b" outcome="Passed" testListId="8c84fa94-04c1-424b-9868-57a2d4851a1d" relativeResultsDirectory="c36a9cd4-4efd-4b6b-9121-9f0ae1c58f59" dataRowInfo="8" resultType="DataDrivenDataRow" />
        <UnitTestResult executionId="d93fa440-bfce-4ced-b2b5-5c25b6661800" parentExecutionId="c98c610a-35ab-4e34-aacb-a3b3a2334a3a" testId="0629eefc-19f6-1651-e05f-fec2ddb98f4a" testName="PlaceOrderNeg (Data Row 8)" computerName="DESKTOP-IHJ9UTB" duration="00:00:37.8943134" startTime="2021-06-25T21:23:16.8450764+01:00" endTime="2021-06-25T21:29:04.9845567+01:00" testType="13cdc9d9-ddb5-4fa4-a97d-d965ccfc6d4b" outcome="Passed" testListId="8c84fa94-04c1-424b-9868-57a2d4851a1d" relativeResultsDirectory="d93fa440-bfce-4ced-b2b5-5c25b6661800" dataRowInfo="9" resultType="DataDrivenDataRow" />
      </InnerResults>
    </UnitTestResult>
    <UnitTestResult executionId="77390996-98e1-48e7-9d8a-66b405810c61" testId="fe62afcd-302a-77a6-93e6-75a103ed4db6" testName="next_Prev_Button" computerName="DESKTOP-IHJ9UTB" duration="00:00:12.0052365" startTime="2021-06-25T21:34:32.6892036+01:00" endTime="2021-06-25T21:34:44.6953225+01:00" testType="13cdc9d9-ddb5-4fa4-a97d-d965ccfc6d4b" outcome="Failed" testListId="8c84fa94-04c1-424b-9868-57a2d4851a1d" relativeResultsDirectory="77390996-98e1-48e7-9d8a-66b405810c61">
      <Output>
        <ErrorInfo>
          <Message>TestCleanup method ProjectST.DemoBlaze.TestCleanup threw exception. OpenQA.Selenium.WebDriverException: OpenQA.Selenium.WebDriverException: invalid session id.</Message>
          <StackTrace>   at OpenQA.Selenium.Remote.RemoteWebDriver.UnpackAndThrowOnError(Response errorResponse)&#xD;
   at OpenQA.Selenium.Remote.RemoteWebDriver.Execute(String driverCommandToExecute, Dictionary`2 parameters)&#xD;
   at OpenQA.Selenium.Remote.RemoteWebDriver.Close()&#xD;
   at ProjectST.DemoBlaze.TestCleanup() in C:\Users\DELL\source\repos\ProjectST\ProjectST\DemoBlaze.cs:line 64&#xD;
</StackTrace>
        </ErrorInfo>
      </Output>
    </UnitTestResult>
    <UnitTestResult executionId="fb117268-bdbd-4efd-9c0e-38a46265b656" testId="532ff65c-3bb8-6b9d-6c16-febca5e26a5a" testName="Picslider_Prev_Button" computerName="DESKTOP-IHJ9UTB" duration="00:00:18.3958573" startTime="2021-06-25T21:12:40.6145120+01:00" endTime="2021-06-25T21:12:59.0105380+01:00" testType="13cdc9d9-ddb5-4fa4-a97d-d965ccfc6d4b" outcome="Passed" testListId="8c84fa94-04c1-424b-9868-57a2d4851a1d" relativeResultsDirectory="fb117268-bdbd-4efd-9c0e-38a46265b656" resultType="DataDrivenTest">
      <InnerResults>
        <UnitTestResult executionId="89f48819-5442-4a55-99fe-98b02bd9df25" parentExecutionId="fb117268-bdbd-4efd-9c0e-38a46265b656" testId="532ff65c-3bb8-6b9d-6c16-febca5e26a5a" testName="Picslider_Prev_Button (Data Row 0)" computerName="DESKTOP-IHJ9UTB" duration="00:00:18.3898785" startTime="2021-06-25T21:12:40.6145120+01:00" endTime="2021-06-25T21:12:59.0105380+01:00" testType="13cdc9d9-ddb5-4fa4-a97d-d965ccfc6d4b" outcome="Passed" testListId="8c84fa94-04c1-424b-9868-57a2d4851a1d" relativeResultsDirectory="89f48819-5442-4a55-99fe-98b02bd9df25" dataRowInfo="1" resultType="DataDrivenDataRow" />
      </InnerResults>
    </UnitTestResult>
    <UnitTestResult executionId="5efda921-9707-48ed-9d05-f284665de648" testId="5a68c364-220c-5882-90bb-86718af58afe" testName="signupUser" computerName="DESKTOP-IHJ9UTB" duration="00:00:40.6833784" startTime="2021-06-25T21:09:49.6729222+01:00" endTime="2021-06-25T21:10:30.3566559+01:00" testType="13cdc9d9-ddb5-4fa4-a97d-d965ccfc6d4b" outcome="Passed" testListId="8c84fa94-04c1-424b-9868-57a2d4851a1d" relativeResultsDirectory="5efda921-9707-48ed-9d05-f284665de648" resultType="DataDrivenTest">
      <InnerResults>
        <UnitTestResult executionId="8a796ca0-e460-4649-93d8-09c17bf179fe" parentExecutionId="5efda921-9707-48ed-9d05-f284665de648" testId="5a68c364-220c-5882-90bb-86718af58afe" testName="signupUser (Data Row 0)" computerName="DESKTOP-IHJ9UTB" duration="00:00:20.3981225" startTime="2021-06-25T21:09:49.6729222+01:00" endTime="2021-06-25T21:10:30.3566559+01:00" testType="13cdc9d9-ddb5-4fa4-a97d-d965ccfc6d4b" outcome="Passed" testListId="8c84fa94-04c1-424b-9868-57a2d4851a1d" relativeResultsDirectory="8a796ca0-e460-4649-93d8-09c17bf179fe" dataRowInfo="1" resultType="DataDrivenDataRow" />
        <UnitTestResult executionId="9df9f74f-82ae-4183-b4ac-7c7b24266c7c" parentExecutionId="5efda921-9707-48ed-9d05-f284665de648" testId="5a68c364-220c-5882-90bb-86718af58afe" testName="signupUser (Data Row 1)" computerName="DESKTOP-IHJ9UTB" duration="00:00:20.2832367" startTime="2021-06-25T21:09:49.6729222+01:00" endTime="2021-06-25T21:10:30.3566559+01:00" testType="13cdc9d9-ddb5-4fa4-a97d-d965ccfc6d4b" outcome="Passed" testListId="8c84fa94-04c1-424b-9868-57a2d4851a1d" relativeResultsDirectory="9df9f74f-82ae-4183-b4ac-7c7b24266c7c" dataRowInfo="2" resultType="DataDrivenDataRow" />
      </InnerResults>
    </UnitTestResult>
    <UnitTestResult executionId="887247ed-0e52-42e8-905a-acd632aeabf0" testId="1fac0b83-a804-b124-0c13-191a46784907" testName="PlaceOrder" computerName="DESKTOP-IHJ9UTB" duration="00:05:27.6951024" startTime="2021-06-25T21:17:49.1495380+01:00" endTime="2021-06-25T21:23:16.8450764+01:00" testType="13cdc9d9-ddb5-4fa4-a97d-d965ccfc6d4b" outcome="Passed" testListId="8c84fa94-04c1-424b-9868-57a2d4851a1d" relativeResultsDirectory="887247ed-0e52-42e8-905a-acd632aeabf0" resultType="DataDrivenTest">
      <InnerResults>
        <UnitTestResult executionId="e497da28-dfd6-4339-8277-b18a1977b247" parentExecutionId="887247ed-0e52-42e8-905a-acd632aeabf0" testId="1fac0b83-a804-b124-0c13-191a46784907" testName="PlaceOrder (Data Row 0)" computerName="DESKTOP-IHJ9UTB" duration="00:00:34.9477158" startTime="2021-06-25T21:17:49.1495380+01:00" endTime="2021-06-25T21:23:16.8450764+01:00" testType="13cdc9d9-ddb5-4fa4-a97d-d965ccfc6d4b" outcome="Passed" testListId="8c84fa94-04c1-424b-9868-57a2d4851a1d" relativeResultsDirectory="e497da28-dfd6-4339-8277-b18a1977b247" dataRowInfo="1" resultType="DataDrivenDataRow" />
        <UnitTestResult executionId="ec8ec57a-2400-4cec-8cb1-957c4584e877" parentExecutionId="887247ed-0e52-42e8-905a-acd632aeabf0" testId="1fac0b83-a804-b124-0c13-191a46784907" testName="PlaceOrder (Data Row 1)" computerName="DESKTOP-IHJ9UTB" duration="00:00:34.6617353" startTime="2021-06-25T21:17:49.1495380+01:00" endTime="2021-06-25T21:23:16.8450764+01:00" testType="13cdc9d9-ddb5-4fa4-a97d-d965ccfc6d4b" outcome="Passed" testListId="8c84fa94-04c1-424b-9868-57a2d4851a1d" relativeResultsDirectory="ec8ec57a-2400-4cec-8cb1-957c4584e877" dataRowInfo="2" resultType="DataDrivenDataRow" />
        <UnitTestResult executionId="ade708bf-e1f0-497e-87ec-7dd361b59e78" parentExecutionId="887247ed-0e52-42e8-905a-acd632aeabf0" testId="1fac0b83-a804-b124-0c13-191a46784907" testName="PlaceOrder (Data Row 2)" computerName="DESKTOP-IHJ9UTB" duration="00:00:37.0601423" startTime="2021-06-25T21:17:49.1495380+01:00" endTime="2021-06-25T21:23:16.8450764+01:00" testType="13cdc9d9-ddb5-4fa4-a97d-d965ccfc6d4b" outcome="Passed" testListId="8c84fa94-04c1-424b-9868-57a2d4851a1d" relativeResultsDirectory="ade708bf-e1f0-497e-87ec-7dd361b59e78" dataRowInfo="3" resultType="DataDrivenDataRow" />
        <UnitTestResult executionId="bc20f0ce-94d1-4e1c-86f6-253f05f7c2af" parentExecutionId="887247ed-0e52-42e8-905a-acd632aeabf0" testId="1fac0b83-a804-b124-0c13-191a46784907" testName="PlaceOrder (Data Row 3)" computerName="DESKTOP-IHJ9UTB" duration="00:00:35.1962368" startTime="2021-06-25T21:17:49.1495380+01:00" endTime="2021-06-25T21:23:16.8450764+01:00" testType="13cdc9d9-ddb5-4fa4-a97d-d965ccfc6d4b" outcome="Passed" testListId="8c84fa94-04c1-424b-9868-57a2d4851a1d" relativeResultsDirectory="bc20f0ce-94d1-4e1c-86f6-253f05f7c2af" dataRowInfo="4" resultType="DataDrivenDataRow" />
        <UnitTestResult executionId="fb61405b-9c21-4212-bf7e-b271ecc3905a" parentExecutionId="887247ed-0e52-42e8-905a-acd632aeabf0" testId="1fac0b83-a804-b124-0c13-191a46784907" testName="PlaceOrder (Data Row 4)" computerName="DESKTOP-IHJ9UTB" duration="00:00:35.2877477" startTime="2021-06-25T21:17:49.1495380+01:00" endTime="2021-06-25T21:23:16.8450764+01:00" testType="13cdc9d9-ddb5-4fa4-a97d-d965ccfc6d4b" outcome="Passed" testListId="8c84fa94-04c1-424b-9868-57a2d4851a1d" relativeResultsDirectory="fb61405b-9c21-4212-bf7e-b271ecc3905a" dataRowInfo="5" resultType="DataDrivenDataRow" />
        <UnitTestResult executionId="d2d48e18-1fbd-482a-9a4c-cd25c58e6993" parentExecutionId="887247ed-0e52-42e8-905a-acd632aeabf0" testId="1fac0b83-a804-b124-0c13-191a46784907" testName="PlaceOrder (Data Row 5)" computerName="DESKTOP-IHJ9UTB" duration="00:00:34.6520155" startTime="2021-06-25T21:17:49.1495380+01:00" endTime="2021-06-25T21:23:16.8450764+01:00" testType="13cdc9d9-ddb5-4fa4-a97d-d965ccfc6d4b" outcome="Passed" testListId="8c84fa94-04c1-424b-9868-57a2d4851a1d" relativeResultsDirectory="d2d48e18-1fbd-482a-9a4c-cd25c58e6993" dataRowInfo="6" resultType="DataDrivenDataRow" />
        <UnitTestResult executionId="46f58f30-a279-4ec5-a103-92cdc6fed464" parentExecutionId="887247ed-0e52-42e8-905a-acd632aeabf0" testId="1fac0b83-a804-b124-0c13-191a46784907" testName="PlaceOrder (Data Row 6)" computerName="DESKTOP-IHJ9UTB" duration="00:00:36.7904044" startTime="2021-06-25T21:17:49.1495380+01:00" endTime="2021-06-25T21:23:16.8450764+01:00" testType="13cdc9d9-ddb5-4fa4-a97d-d965ccfc6d4b" outcome="Passed" testListId="8c84fa94-04c1-424b-9868-57a2d4851a1d" relativeResultsDirectory="46f58f30-a279-4ec5-a103-92cdc6fed464" dataRowInfo="7" resultType="DataDrivenDataRow" />
        <UnitTestResult executionId="1eecbf12-b9c0-4080-9fd1-8c27794d3de3" parentExecutionId="887247ed-0e52-42e8-905a-acd632aeabf0" testId="1fac0b83-a804-b124-0c13-191a46784907" testName="PlaceOrder (Data Row 7)" computerName="DESKTOP-IHJ9UTB" duration="00:00:39.0789416" startTime="2021-06-25T21:17:49.1495380+01:00" endTime="2021-06-25T21:23:16.8450764+01:00" testType="13cdc9d9-ddb5-4fa4-a97d-d965ccfc6d4b" outcome="Passed" testListId="8c84fa94-04c1-424b-9868-57a2d4851a1d" relativeResultsDirectory="1eecbf12-b9c0-4080-9fd1-8c27794d3de3" dataRowInfo="8" resultType="DataDrivenDataRow" />
        <UnitTestResult executionId="430ab262-0130-4aa4-96cc-1d475c6b9382" parentExecutionId="887247ed-0e52-42e8-905a-acd632aeabf0" testId="1fac0b83-a804-b124-0c13-191a46784907" testName="PlaceOrder (Data Row 8)" computerName="DESKTOP-IHJ9UTB" duration="00:00:40.0181868" startTime="2021-06-25T21:17:49.1495380+01:00" endTime="2021-06-25T21:23:16.8450764+01:00" testType="13cdc9d9-ddb5-4fa4-a97d-d965ccfc6d4b" outcome="Passed" testListId="8c84fa94-04c1-424b-9868-57a2d4851a1d" relativeResultsDirectory="430ab262-0130-4aa4-96cc-1d475c6b9382" dataRowInfo="9" resultType="DataDrivenDataRow" />
      </InnerResults>
    </UnitTestResult>
    <UnitTestResult executionId="77a8f668-5a9e-4729-b337-f9e7dbcc0986" testId="e3f09bd4-9d29-3561-32a4-337f28007d3b" testName="AddtoCart_1" computerName="DESKTOP-IHJ9UTB" duration="00:04:11.2493588" startTime="2021-06-25T21:13:37.8996799+01:00" endTime="2021-06-25T21:17:49.1495380+01:00" testType="13cdc9d9-ddb5-4fa4-a97d-d965ccfc6d4b" outcome="Passed" testListId="8c84fa94-04c1-424b-9868-57a2d4851a1d" relativeResultsDirectory="77a8f668-5a9e-4729-b337-f9e7dbcc0986" resultType="DataDrivenTest">
      <InnerResults>
        <UnitTestResult executionId="015893a4-b8b6-45ae-a424-16bebb9a9dd7" parentExecutionId="77a8f668-5a9e-4729-b337-f9e7dbcc0986" testId="e3f09bd4-9d29-3561-32a4-337f28007d3b" testName="AddtoCart_1 (Data Row 0)" computerName="DESKTOP-IHJ9UTB" duration="00:00:28.0492876" startTime="2021-06-25T21:13:37.8996799+01:00" endTime="2021-06-25T21:17:49.1495380+01:00" testType="13cdc9d9-ddb5-4fa4-a97d-d965ccfc6d4b" outcome="Passed" testListId="8c84fa94-04c1-424b-9868-57a2d4851a1d" relativeResultsDirectory="015893a4-b8b6-45ae-a424-16bebb9a9dd7" dataRowInfo="1" resultType="DataDrivenDataRow" />
        <UnitTestResult executionId="b35bb332-0056-43d8-a869-f2bcd22a505e" parentExecutionId="77a8f668-5a9e-4729-b337-f9e7dbcc0986" testId="e3f09bd4-9d29-3561-32a4-337f28007d3b" testName="AddtoCart_1 (Data Row 1)" computerName="DESKTOP-IHJ9UTB" duration="00:00:28.7657604" startTime="2021-06-25T21:13:37.8996799+01:00" endTime="2021-06-25T21:17:49.1495380+01:00" testType="13cdc9d9-ddb5-4fa4-a97d-d965ccfc6d4b" outcome="Passed" testListId="8c84fa94-04c1-424b-9868-57a2d4851a1d" relativeResultsDirectory="b35bb332-0056-43d8-a869-f2bcd22a505e" dataRowInfo="2" resultType="DataDrivenDataRow" />
        <UnitTestResult executionId="bf8063d8-3849-4da2-8477-357d80fa85c4" parentExecutionId="77a8f668-5a9e-4729-b337-f9e7dbcc0986" testId="e3f09bd4-9d29-3561-32a4-337f28007d3b" testName="AddtoCart_1 (Data Row 2)" computerName="DESKTOP-IHJ9UTB" duration="00:00:27.6897339" startTime="2021-06-25T21:13:37.8996799+01:00" endTime="2021-06-25T21:17:49.1495380+01:00" testType="13cdc9d9-ddb5-4fa4-a97d-d965ccfc6d4b" outcome="Passed" testListId="8c84fa94-04c1-424b-9868-57a2d4851a1d" relativeResultsDirectory="bf8063d8-3849-4da2-8477-357d80fa85c4" dataRowInfo="3" resultType="DataDrivenDataRow" />
        <UnitTestResult executionId="70717100-59ee-44a6-91a1-a717f265e136" parentExecutionId="77a8f668-5a9e-4729-b337-f9e7dbcc0986" testId="e3f09bd4-9d29-3561-32a4-337f28007d3b" testName="AddtoCart_1 (Data Row 3)" computerName="DESKTOP-IHJ9UTB" duration="00:00:27.6188945" startTime="2021-06-25T21:13:37.8996799+01:00" endTime="2021-06-25T21:17:49.1495380+01:00" testType="13cdc9d9-ddb5-4fa4-a97d-d965ccfc6d4b" outcome="Passed" testListId="8c84fa94-04c1-424b-9868-57a2d4851a1d" relativeResultsDirectory="70717100-59ee-44a6-91a1-a717f265e136" dataRowInfo="4" resultType="DataDrivenDataRow" />
        <UnitTestResult executionId="aec03db6-dcde-484c-bccd-8572007be376" parentExecutionId="77a8f668-5a9e-4729-b337-f9e7dbcc0986" testId="e3f09bd4-9d29-3561-32a4-337f28007d3b" testName="AddtoCart_1 (Data Row 4)" computerName="DESKTOP-IHJ9UTB" duration="00:00:27.3368390" startTime="2021-06-25T21:13:37.8996799+01:00" endTime="2021-06-25T21:17:49.1495380+01:00" testType="13cdc9d9-ddb5-4fa4-a97d-d965ccfc6d4b" outcome="Passed" testListId="8c84fa94-04c1-424b-9868-57a2d4851a1d" relativeResultsDirectory="aec03db6-dcde-484c-bccd-8572007be376" dataRowInfo="5" resultType="DataDrivenDataRow" />
        <UnitTestResult executionId="70e44a50-5c8b-4a9d-b785-4bf5ec3d4d6a" parentExecutionId="77a8f668-5a9e-4729-b337-f9e7dbcc0986" testId="e3f09bd4-9d29-3561-32a4-337f28007d3b" testName="AddtoCart_1 (Data Row 5)" computerName="DESKTOP-IHJ9UTB" duration="00:00:28.1588231" startTime="2021-06-25T21:13:37.8996799+01:00" endTime="2021-06-25T21:17:49.1495380+01:00" testType="13cdc9d9-ddb5-4fa4-a97d-d965ccfc6d4b" outcome="Passed" testListId="8c84fa94-04c1-424b-9868-57a2d4851a1d" relativeResultsDirectory="70e44a50-5c8b-4a9d-b785-4bf5ec3d4d6a" dataRowInfo="6" resultType="DataDrivenDataRow" />
        <UnitTestResult executionId="186de492-10ca-412e-a5cb-91a34748f240" parentExecutionId="77a8f668-5a9e-4729-b337-f9e7dbcc0986" testId="e3f09bd4-9d29-3561-32a4-337f28007d3b" testName="AddtoCart_1 (Data Row 6)" computerName="DESKTOP-IHJ9UTB" duration="00:00:27.3333031" startTime="2021-06-25T21:13:37.8996799+01:00" endTime="2021-06-25T21:17:49.1495380+01:00" testType="13cdc9d9-ddb5-4fa4-a97d-d965ccfc6d4b" outcome="Passed" testListId="8c84fa94-04c1-424b-9868-57a2d4851a1d" relativeResultsDirectory="186de492-10ca-412e-a5cb-91a34748f240" dataRowInfo="7" resultType="DataDrivenDataRow" />
        <UnitTestResult executionId="d6d60010-669a-4136-8a09-42af490f9dfe" parentExecutionId="77a8f668-5a9e-4729-b337-f9e7dbcc0986" testId="e3f09bd4-9d29-3561-32a4-337f28007d3b" testName="AddtoCart_1 (Data Row 7)" computerName="DESKTOP-IHJ9UTB" duration="00:00:28.7687428" startTime="2021-06-25T21:13:37.8996799+01:00" endTime="2021-06-25T21:17:49.1495380+01:00" testType="13cdc9d9-ddb5-4fa4-a97d-d965ccfc6d4b" outcome="Passed" testListId="8c84fa94-04c1-424b-9868-57a2d4851a1d" relativeResultsDirectory="d6d60010-669a-4136-8a09-42af490f9dfe" dataRowInfo="8" resultType="DataDrivenDataRow" />
        <UnitTestResult executionId="7f7921a5-d6a8-4415-adc1-0a60a0d3c2d9" parentExecutionId="77a8f668-5a9e-4729-b337-f9e7dbcc0986" testId="e3f09bd4-9d29-3561-32a4-337f28007d3b" testName="AddtoCart_1 (Data Row 8)" computerName="DESKTOP-IHJ9UTB" duration="00:00:27.5261608" startTime="2021-06-25T21:13:37.8996799+01:00" endTime="2021-06-25T21:17:49.1495380+01:00" testType="13cdc9d9-ddb5-4fa4-a97d-d965ccfc6d4b" outcome="Passed" testListId="8c84fa94-04c1-424b-9868-57a2d4851a1d" relativeResultsDirectory="7f7921a5-d6a8-4415-adc1-0a60a0d3c2d9" dataRowInfo="9" resultType="DataDrivenDataRow" />
      </InnerResults>
    </UnitTestResult>
    <UnitTestResult executionId="fc414dee-1c25-4319-8982-5ab8c24fe34f" testId="9b0a2401-9b44-d9b7-5725-9b737d5a39a7" testName="LoginPositive" computerName="DESKTOP-IHJ9UTB" duration="00:00:24.6557917" startTime="2021-06-25T21:08:33.3921086+01:00" endTime="2021-06-25T21:08:58.0998821+01:00" testType="13cdc9d9-ddb5-4fa4-a97d-d965ccfc6d4b" outcome="Passed" testListId="8c84fa94-04c1-424b-9868-57a2d4851a1d" relativeResultsDirectory="fc414dee-1c25-4319-8982-5ab8c24fe34f" resultType="DataDrivenTest">
      <InnerResults>
        <UnitTestResult executionId="086535fa-d54e-473b-8118-ae77a1a5a56f" parentExecutionId="fc414dee-1c25-4319-8982-5ab8c24fe34f" testId="9b0a2401-9b44-d9b7-5725-9b737d5a39a7" testName="LoginPositive (Data Row 0)" computerName="DESKTOP-IHJ9UTB" duration="00:00:24.5561500" startTime="2021-06-25T21:08:33.3921086+01:00" endTime="2021-06-25T21:08:58.0998821+01:00" testType="13cdc9d9-ddb5-4fa4-a97d-d965ccfc6d4b" outcome="Passed" testListId="8c84fa94-04c1-424b-9868-57a2d4851a1d" relativeResultsDirectory="086535fa-d54e-473b-8118-ae77a1a5a56f" dataRowInfo="1" resultType="DataDrivenDataRow" />
      </InnerResults>
    </UnitTestResult>
    <UnitTestResult executionId="1f0ded57-741f-4f6f-bcda-24a689bb54bb" testId="3355c5d7-e20c-ddf7-9eb8-c9147d306894" testName="delete" computerName="DESKTOP-IHJ9UTB" duration="00:05:27.7042060" startTime="2021-06-25T21:29:04.9845567+01:00" endTime="2021-06-25T21:34:32.6892036+01:00" testType="13cdc9d9-ddb5-4fa4-a97d-d965ccfc6d4b" outcome="Passed" testListId="8c84fa94-04c1-424b-9868-57a2d4851a1d" relativeResultsDirectory="1f0ded57-741f-4f6f-bcda-24a689bb54bb" resultType="DataDrivenTest">
      <InnerResults>
        <UnitTestResult executionId="da180b6f-0b78-41c1-900d-c99d88c9fef1" parentExecutionId="1f0ded57-741f-4f6f-bcda-24a689bb54bb" testId="3355c5d7-e20c-ddf7-9eb8-c9147d306894" testName="delete (Data Row 0)" computerName="DESKTOP-IHJ9UTB" duration="00:00:34.5141654" startTime="2021-06-25T21:29:04.9845567+01:00" endTime="2021-06-25T21:34:32.6892036+01:00" testType="13cdc9d9-ddb5-4fa4-a97d-d965ccfc6d4b" outcome="Passed" testListId="8c84fa94-04c1-424b-9868-57a2d4851a1d" relativeResultsDirectory="da180b6f-0b78-41c1-900d-c99d88c9fef1" dataRowInfo="1" resultType="DataDrivenDataRow" />
        <UnitTestResult executionId="0490fde8-82bf-4244-8d3a-5ab8a0e7361c" parentExecutionId="1f0ded57-741f-4f6f-bcda-24a689bb54bb" testId="3355c5d7-e20c-ddf7-9eb8-c9147d306894" testName="delete (Data Row 1)" computerName="DESKTOP-IHJ9UTB" duration="00:00:35.5355376" startTime="2021-06-25T21:29:04.9845567+01:00" endTime="2021-06-25T21:34:32.6892036+01:00" testType="13cdc9d9-ddb5-4fa4-a97d-d965ccfc6d4b" outcome="Passed" testListId="8c84fa94-04c1-424b-9868-57a2d4851a1d" relativeResultsDirectory="0490fde8-82bf-4244-8d3a-5ab8a0e7361c" dataRowInfo="2" resultType="DataDrivenDataRow" />
        <UnitTestResult executionId="0bf5ee26-3fa9-4fab-a73e-a9d837563734" parentExecutionId="1f0ded57-741f-4f6f-bcda-24a689bb54bb" testId="3355c5d7-e20c-ddf7-9eb8-c9147d306894" testName="delete (Data Row 2)" computerName="DESKTOP-IHJ9UTB" duration="00:00:35.0033436" startTime="2021-06-25T21:29:04.9845567+01:00" endTime="2021-06-25T21:34:32.6892036+01:00" testType="13cdc9d9-ddb5-4fa4-a97d-d965ccfc6d4b" outcome="Passed" testListId="8c84fa94-04c1-424b-9868-57a2d4851a1d" relativeResultsDirectory="0bf5ee26-3fa9-4fab-a73e-a9d837563734" dataRowInfo="3" resultType="DataDrivenDataRow" />
        <UnitTestResult executionId="851ef634-ffb8-427f-8ef0-7499474da559" parentExecutionId="1f0ded57-741f-4f6f-bcda-24a689bb54bb" testId="3355c5d7-e20c-ddf7-9eb8-c9147d306894" testName="delete (Data Row 3)" computerName="DESKTOP-IHJ9UTB" duration="00:00:38.4666436" startTime="2021-06-25T21:29:04.9845567+01:00" endTime="2021-06-25T21:34:32.6892036+01:00" testType="13cdc9d9-ddb5-4fa4-a97d-d965ccfc6d4b" outcome="Passed" testListId="8c84fa94-04c1-424b-9868-57a2d4851a1d" relativeResultsDirectory="851ef634-ffb8-427f-8ef0-7499474da559" dataRowInfo="4" resultType="DataDrivenDataRow" />
        <UnitTestResult executionId="5c30907e-4144-46a0-9f19-92555733a33f" parentExecutionId="1f0ded57-741f-4f6f-bcda-24a689bb54bb" testId="3355c5d7-e20c-ddf7-9eb8-c9147d306894" testName="delete (Data Row 4)" computerName="DESKTOP-IHJ9UTB" duration="00:00:37.8212030" startTime="2021-06-25T21:29:04.9845567+01:00" endTime="2021-06-25T21:34:32.6892036+01:00" testType="13cdc9d9-ddb5-4fa4-a97d-d965ccfc6d4b" outcome="Passed" testListId="8c84fa94-04c1-424b-9868-57a2d4851a1d" relativeResultsDirectory="5c30907e-4144-46a0-9f19-92555733a33f" dataRowInfo="5" resultType="DataDrivenDataRow" />
        <UnitTestResult executionId="68946a45-8a29-4871-b8cd-67a50f2de0c7" parentExecutionId="1f0ded57-741f-4f6f-bcda-24a689bb54bb" testId="3355c5d7-e20c-ddf7-9eb8-c9147d306894" testName="delete (Data Row 5)" computerName="DESKTOP-IHJ9UTB" duration="00:00:35.7776326" startTime="2021-06-25T21:29:04.9845567+01:00" endTime="2021-06-25T21:34:32.6892036+01:00" testType="13cdc9d9-ddb5-4fa4-a97d-d965ccfc6d4b" outcome="Passed" testListId="8c84fa94-04c1-424b-9868-57a2d4851a1d" relativeResultsDirectory="68946a45-8a29-4871-b8cd-67a50f2de0c7" dataRowInfo="6" resultType="DataDrivenDataRow" />
        <UnitTestResult executionId="d4d708e5-7e94-4ea2-85e9-338cd5d3b8c2" parentExecutionId="1f0ded57-741f-4f6f-bcda-24a689bb54bb" testId="3355c5d7-e20c-ddf7-9eb8-c9147d306894" testName="delete (Data Row 6)" computerName="DESKTOP-IHJ9UTB" duration="00:00:35.4130802" startTime="2021-06-25T21:29:04.9845567+01:00" endTime="2021-06-25T21:34:32.6892036+01:00" testType="13cdc9d9-ddb5-4fa4-a97d-d965ccfc6d4b" outcome="Passed" testListId="8c84fa94-04c1-424b-9868-57a2d4851a1d" relativeResultsDirectory="d4d708e5-7e94-4ea2-85e9-338cd5d3b8c2" dataRowInfo="7" resultType="DataDrivenDataRow" />
        <UnitTestResult executionId="22d31bc3-0ac0-449c-b8c0-a55d04420fcf" parentExecutionId="1f0ded57-741f-4f6f-bcda-24a689bb54bb" testId="3355c5d7-e20c-ddf7-9eb8-c9147d306894" testName="delete (Data Row 7)" computerName="DESKTOP-IHJ9UTB" duration="00:00:37.7259508" startTime="2021-06-25T21:29:04.9845567+01:00" endTime="2021-06-25T21:34:32.6892036+01:00" testType="13cdc9d9-ddb5-4fa4-a97d-d965ccfc6d4b" outcome="Passed" testListId="8c84fa94-04c1-424b-9868-57a2d4851a1d" relativeResultsDirectory="22d31bc3-0ac0-449c-b8c0-a55d04420fcf" dataRowInfo="8" resultType="DataDrivenDataRow" />
        <UnitTestResult executionId="1c7d12be-5e58-41c7-a175-29ecca6aa111" parentExecutionId="1f0ded57-741f-4f6f-bcda-24a689bb54bb" testId="3355c5d7-e20c-ddf7-9eb8-c9147d306894" testName="delete (Data Row 8)" computerName="DESKTOP-IHJ9UTB" duration="00:00:37.4446819" startTime="2021-06-25T21:29:04.9845567+01:00" endTime="2021-06-25T21:34:32.6892036+01:00" testType="13cdc9d9-ddb5-4fa4-a97d-d965ccfc6d4b" outcome="Passed" testListId="8c84fa94-04c1-424b-9868-57a2d4851a1d" relativeResultsDirectory="1c7d12be-5e58-41c7-a175-29ecca6aa111" dataRowInfo="9" resultType="DataDrivenDataRow" />
      </InnerResults>
    </UnitTestResult>
  </Results>
  <TestDefinitions>
    <UnitTest name="aboutUs" storage="c:\users\dell\source\repos\projectst\projectst\bin\debug\projectst.dll" id="dd9dedf8-2a53-5fa5-a43c-5f98605181e2">
      <TestCategory>
        <TestCategoryItem TestCategory="positive" />
      </TestCategory>
      <Execution id="d9270afe-ae76-41be-85ee-a0de6c7a8765" />
      <TestMethod codeBase="C:\Users\DELL\source\repos\ProjectST\ProjectST\bin\Debug\ProjectST.dll" adapterTypeName="executor://mstestadapter/v2" className="ProjectST.DemoBlaze" name="aboutUs" />
    </UnitTest>
    <UnitTest name="Loginneg" storage="c:\users\dell\source\repos\projectst\projectst\bin\debug\projectst.dll" id="b57e8384-c24b-7b2f-2586-7bad617ead6c">
      <TestCategory>
        <TestCategoryItem TestCategory="negative" />
      </TestCategory>
      <Execution id="64930326-9751-4609-b18f-b79734425f12" />
      <TestMethod codeBase="C:\Users\DELL\source\repos\ProjectST\ProjectST\bin\Debug\ProjectST.dll" adapterTypeName="executor://mstestadapter/v2" className="ProjectST.DemoBlaze" name="Loginneg" />
    </UnitTest>
    <UnitTest name="delete" storage="c:\users\dell\source\repos\projectst\projectst\bin\debug\projectst.dll" id="3355c5d7-e20c-ddf7-9eb8-c9147d306894">
      <TestCategory>
        <TestCategoryItem TestCategory="Dependent on AddToCart()" />
      </TestCategory>
      <Execution id="1f0ded57-741f-4f6f-bcda-24a689bb54bb" />
      <TestMethod codeBase="C:\Users\DELL\source\repos\ProjectST\ProjectST\bin\Debug\ProjectST.dll" adapterTypeName="executor://mstestadapter/v2" className="ProjectST.DemoBlaze" name="delete" />
    </UnitTest>
    <UnitTest name="signupFieldEmpty" storage="c:\users\dell\source\repos\projectst\projectst\bin\debug\projectst.dll" id="7cbf12ac-85cd-c176-7f8c-a601c6eb2dbd">
      <TestCategory>
        <TestCategoryItem TestCategory="negative" />
      </TestCategory>
      <Execution id="2fe88528-f43f-431c-9b95-f6c01dd77b38" />
      <TestMethod codeBase="C:\Users\DELL\source\repos\ProjectST\ProjectST\bin\Debug\ProjectST.dll" adapterTypeName="executor://mstestadapter/v2" className="ProjectST.DemoBlaze" name="signupFieldEmpty" />
    </UnitTest>
    <UnitTest name="AddtoCart_1" storage="c:\users\dell\source\repos\projectst\projectst\bin\debug\projectst.dll" id="e3f09bd4-9d29-3561-32a4-337f28007d3b">
      <TestCategory>
        <TestCategoryItem TestCategory="Positive" />
      </TestCategory>
      <Execution id="77a8f668-5a9e-4729-b337-f9e7dbcc0986" />
      <TestMethod codeBase="C:\Users\DELL\source\repos\ProjectST\ProjectST\bin\Debug\ProjectST.dll" adapterTypeName="executor://mstestadapter/v2" className="ProjectST.DemoBlaze" name="AddtoCart_1" />
    </UnitTest>
    <UnitTest name="loginClose" storage="c:\users\dell\source\repos\projectst\projectst\bin\debug\projectst.dll" id="73e0f828-40fc-3e94-b44f-93780285eda5">
      <TestCategory>
        <TestCategoryItem TestCategory="positive" />
      </TestCategory>
      <Execution id="d245e75a-5bd8-4a0c-8605-06efa2e6b4f4" />
      <TestMethod codeBase="C:\Users\DELL\source\repos\ProjectST\ProjectST\bin\Debug\ProjectST.dll" adapterTypeName="executor://mstestadapter/v2" className="ProjectST.DemoBlaze" name="loginClose" />
    </UnitTest>
    <UnitTest name="signupUser" storage="c:\users\dell\source\repos\projectst\projectst\bin\debug\projectst.dll" id="5a68c364-220c-5882-90bb-86718af58afe">
      <TestCategory>
        <TestCategoryItem TestCategory="positive/Negative" />
      </TestCategory>
      <Execution id="5efda921-9707-48ed-9d05-f284665de648" />
      <TestMethod codeBase="C:\Users\DELL\source\repos\ProjectST\ProjectST\bin\Debug\ProjectST.dll" adapterTypeName="executor://mstestadapter/v2" className="ProjectST.DemoBlaze" name="signupUser" />
    </UnitTest>
    <UnitTest name="home_Return" storage="c:\users\dell\source\repos\projectst\projectst\bin\debug\projectst.dll" id="33f947af-952d-c441-acad-d05f8460b497">
      <TestCategory>
        <TestCategoryItem TestCategory="positive" />
      </TestCategory>
      <Execution id="6ef2c160-b3b6-4d17-9871-962e8afea3ff" />
      <TestMethod codeBase="C:\Users\DELL\source\repos\ProjectST\ProjectST\bin\Debug\ProjectST.dll" adapterTypeName="executor://mstestadapter/v2" className="ProjectST.DemoBlaze" name="home_Return" />
    </UnitTest>
    <UnitTest name="contactForm" storage="c:\users\dell\source\repos\projectst\projectst\bin\debug\projectst.dll" id="dfbda713-d804-cd3f-c77b-48b699f09364">
      <TestCategory>
        <TestCategoryItem TestCategory="positive" />
      </TestCategory>
      <Execution id="26876f84-1f8d-4d17-9d3e-16495d19dedd" />
      <TestMethod codeBase="C:\Users\DELL\source\repos\ProjectST\ProjectST\bin\Debug\ProjectST.dll" adapterTypeName="executor://mstestadapter/v2" className="ProjectST.DemoBlaze" name="contactForm" />
    </UnitTest>
    <UnitTest name="Picslider_Forw_Button" storage="c:\users\dell\source\repos\projectst\projectst\bin\debug\projectst.dll" id="bf5151a9-49f4-5deb-e329-9f9c513a5a32">
      <TestCategory>
        <TestCategoryItem TestCategory="positive" />
      </TestCategory>
      <Execution id="b872988d-c27f-4196-9086-c04cc1eca595" />
      <TestMethod codeBase="C:\Users\DELL\source\repos\ProjectST\ProjectST\bin\Debug\ProjectST.dll" adapterTypeName="executor://mstestadapter/v2" className="ProjectST.DemoBlaze" name="Picslider_Forw_Button" />
    </UnitTest>
    <UnitTest name="signupClose" storage="c:\users\dell\source\repos\projectst\projectst\bin\debug\projectst.dll" id="6076af9e-fdbd-d5e6-e002-0fdd3922eba8">
      <TestCategory>
        <TestCategoryItem TestCategory="positive" />
      </TestCategory>
      <Execution id="f251f29f-93e9-48e7-b3a6-eec652720759" />
      <TestMethod codeBase="C:\Users\DELL\source\repos\ProjectST\ProjectST\bin\Debug\ProjectST.dll" adapterTypeName="executor://mstestadapter/v2" className="ProjectST.DemoBlaze" name="signupClose" />
    </UnitTest>
    <UnitTest name="Picslider_Prev_Button" storage="c:\users\dell\source\repos\projectst\projectst\bin\debug\projectst.dll" id="532ff65c-3bb8-6b9d-6c16-febca5e26a5a">
      <TestCategory>
        <TestCategoryItem TestCategory="positive" />
      </TestCategory>
      <Execution id="fb117268-bdbd-4efd-9c0e-38a46265b656" />
      <TestMethod codeBase="C:\Users\DELL\source\repos\ProjectST\ProjectST\bin\Debug\ProjectST.dll" adapterTypeName="executor://mstestadapter/v2" className="ProjectST.DemoBlaze" name="Picslider_Prev_Button" />
    </UnitTest>
    <UnitTest name="aboutUsClose" storage="c:\users\dell\source\repos\projectst\projectst\bin\debug\projectst.dll" id="5ee67346-68de-4507-c355-de7aa468f289">
      <TestCategory>
        <TestCategoryItem TestCategory="positive" />
      </TestCategory>
      <Execution id="c0aa02b1-f3c7-4a44-b295-aee8318909d7" />
      <TestMethod codeBase="C:\Users\DELL\source\repos\ProjectST\ProjectST\bin\Debug\ProjectST.dll" adapterTypeName="executor://mstestadapter/v2" className="ProjectST.DemoBlaze" name="aboutUsClose" />
    </UnitTest>
    <UnitTest name="PlaceOrder" storage="c:\users\dell\source\repos\projectst\projectst\bin\debug\projectst.dll" id="1fac0b83-a804-b124-0c13-191a46784907">
      <TestCategory>
        <TestCategoryItem TestCategory="Dependent on AddToCart()" />
      </TestCategory>
      <Execution id="887247ed-0e52-42e8-905a-acd632aeabf0" />
      <TestMethod codeBase="C:\Users\DELL\source\repos\ProjectST\ProjectST\bin\Debug\ProjectST.dll" adapterTypeName="executor://mstestadapter/v2" className="ProjectST.DemoBlaze" name="PlaceOrder" />
    </UnitTest>
    <UnitTest name="LoginPositive" storage="c:\users\dell\source\repos\projectst\projectst\bin\debug\projectst.dll" id="9b0a2401-9b44-d9b7-5725-9b737d5a39a7">
      <TestCategory>
        <TestCategoryItem TestCategory="positive" />
      </TestCategory>
      <Execution id="fc414dee-1c25-4319-8982-5ab8c24fe34f" />
      <TestMethod codeBase="C:\Users\DELL\source\repos\ProjectST\ProjectST\bin\Debug\ProjectST.dll" adapterTypeName="executor://mstestadapter/v2" className="ProjectST.DemoBlaze" name="LoginPositive" />
    </UnitTest>
    <UnitTest name="contactFormClose" storage="c:\users\dell\source\repos\projectst\projectst\bin\debug\projectst.dll" id="89583f97-c112-caa9-fd1c-66d67ff7e0e2">
      <TestCategory>
        <TestCategoryItem TestCategory="positive" />
      </TestCategory>
      <Execution id="143e61b7-fe15-474f-92f7-32667918f308" />
      <TestMethod codeBase="C:\Users\DELL\source\repos\ProjectST\ProjectST\bin\Debug\ProjectST.dll" adapterTypeName="executor://mstestadapter/v2" className="ProjectST.DemoBlaze" name="contactFormClose" />
    </UnitTest>
    <UnitTest name="PlaceOrderNeg" storage="c:\users\dell\source\repos\projectst\projectst\bin\debug\projectst.dll" id="0629eefc-19f6-1651-e05f-fec2ddb98f4a">
      <TestCategory>
        <TestCategoryItem TestCategory="Dependent on AddToCart()" />
      </TestCategory>
      <Execution id="c98c610a-35ab-4e34-aacb-a3b3a2334a3a" />
      <TestMethod codeBase="C:\Users\DELL\source\repos\ProjectST\ProjectST\bin\Debug\ProjectST.dll" adapterTypeName="executor://mstestadapter/v2" className="ProjectST.DemoBlaze" name="PlaceOrderNeg" />
    </UnitTest>
    <UnitTest name="next_Prev_Button" storage="c:\users\dell\source\repos\projectst\projectst\bin\debug\projectst.dll" id="fe62afcd-302a-77a6-93e6-75a103ed4db6">
      <TestCategory>
        <TestCategoryItem TestCategory="Positive" />
      </TestCategory>
      <Execution id="77390996-98e1-48e7-9d8a-66b405810c61" />
      <TestMethod codeBase="C:\Users\DELL\source\repos\ProjectST\ProjectST\bin\Debug\ProjectST.dll" adapterTypeName="executor://mstestadapter/v2" className="ProjectST.DemoBlaze" name="next_Prev_Button" />
    </UnitTest>
  </TestDefinitions>
  <TestEntries>
    <TestEntry testId="dfbda713-d804-cd3f-c77b-48b699f09364" executionId="26876f84-1f8d-4d17-9d3e-16495d19dedd" testListId="8c84fa94-04c1-424b-9868-57a2d4851a1d" />
    <TestEntry testId="bf5151a9-49f4-5deb-e329-9f9c513a5a32" executionId="b872988d-c27f-4196-9086-c04cc1eca595" testListId="8c84fa94-04c1-424b-9868-57a2d4851a1d" />
    <TestEntry testId="b57e8384-c24b-7b2f-2586-7bad617ead6c" executionId="64930326-9751-4609-b18f-b79734425f12" testListId="8c84fa94-04c1-424b-9868-57a2d4851a1d" />
    <TestEntry testId="7cbf12ac-85cd-c176-7f8c-a601c6eb2dbd" executionId="2fe88528-f43f-431c-9b95-f6c01dd77b38" testListId="8c84fa94-04c1-424b-9868-57a2d4851a1d" />
    <TestEntry testId="33f947af-952d-c441-acad-d05f8460b497" executionId="6ef2c160-b3b6-4d17-9871-962e8afea3ff" testListId="8c84fa94-04c1-424b-9868-57a2d4851a1d" />
    <TestEntry testId="5ee67346-68de-4507-c355-de7aa468f289" executionId="c0aa02b1-f3c7-4a44-b295-aee8318909d7" testListId="8c84fa94-04c1-424b-9868-57a2d4851a1d" />
    <TestEntry testId="dd9dedf8-2a53-5fa5-a43c-5f98605181e2" executionId="d9270afe-ae76-41be-85ee-a0de6c7a8765" testListId="8c84fa94-04c1-424b-9868-57a2d4851a1d" />
    <TestEntry testId="6076af9e-fdbd-d5e6-e002-0fdd3922eba8" executionId="f251f29f-93e9-48e7-b3a6-eec652720759" testListId="8c84fa94-04c1-424b-9868-57a2d4851a1d" />
    <TestEntry testId="89583f97-c112-caa9-fd1c-66d67ff7e0e2" executionId="143e61b7-fe15-474f-92f7-32667918f308" testListId="8c84fa94-04c1-424b-9868-57a2d4851a1d" />
    <TestEntry testId="73e0f828-40fc-3e94-b44f-93780285eda5" executionId="d245e75a-5bd8-4a0c-8605-06efa2e6b4f4" testListId="8c84fa94-04c1-424b-9868-57a2d4851a1d" />
    <TestEntry testId="0629eefc-19f6-1651-e05f-fec2ddb98f4a" executionId="c98c610a-35ab-4e34-aacb-a3b3a2334a3a" testListId="8c84fa94-04c1-424b-9868-57a2d4851a1d" />
    <TestEntry testId="fe62afcd-302a-77a6-93e6-75a103ed4db6" executionId="77390996-98e1-48e7-9d8a-66b405810c61" testListId="8c84fa94-04c1-424b-9868-57a2d4851a1d" />
    <TestEntry testId="532ff65c-3bb8-6b9d-6c16-febca5e26a5a" executionId="fb117268-bdbd-4efd-9c0e-38a46265b656" testListId="8c84fa94-04c1-424b-9868-57a2d4851a1d" />
    <TestEntry testId="5a68c364-220c-5882-90bb-86718af58afe" executionId="5efda921-9707-48ed-9d05-f284665de648" testListId="8c84fa94-04c1-424b-9868-57a2d4851a1d" />
    <TestEntry testId="1fac0b83-a804-b124-0c13-191a46784907" executionId="887247ed-0e52-42e8-905a-acd632aeabf0" testListId="8c84fa94-04c1-424b-9868-57a2d4851a1d" />
    <TestEntry testId="e3f09bd4-9d29-3561-32a4-337f28007d3b" executionId="77a8f668-5a9e-4729-b337-f9e7dbcc0986" testListId="8c84fa94-04c1-424b-9868-57a2d4851a1d" />
    <TestEntry testId="9b0a2401-9b44-d9b7-5725-9b737d5a39a7" executionId="fc414dee-1c25-4319-8982-5ab8c24fe34f" testListId="8c84fa94-04c1-424b-9868-57a2d4851a1d" />
    <TestEntry testId="3355c5d7-e20c-ddf7-9eb8-c9147d306894" executionId="1f0ded57-741f-4f6f-bcda-24a689bb54bb" testListId="8c84fa94-04c1-424b-9868-57a2d4851a1d" />
  </TestEntries>
  <TestLists>
    <TestList name="Results Not in a List" id="8c84fa94-04c1-424b-9868-57a2d4851a1d" />
    <TestList name="All Loaded Results" id="19431567-8539-422a-85d7-44ee4e166bda" />
  </TestLists>
  <ResultSummary outcome="Failed">
    <Counters total="68" executed="68" passed="67" failed="1" error="0" timeout="0" aborted="0" inconclusive="0" passedButRunAborted="0" notRunnable="0" notExecuted="0" disconnected="0" warning="0" completed="0" inProgress="0" pending="0" />
  </ResultSummary>
</TestRun>